<?xml version="1.0" encoding="UTF-8"?>
<!-- Generated by org.testng.reporters.JUnitReportReporter -->
<testsuite hostname="DESKTOP-D7NI7PJ" failures="0" tests="1" name="scripts.TestCase1" time="12.812" errors="0" timestamp="2023-10-11T14:51:27 IST" skipped="0">
  <testcase classname="scripts.TestCase1" name="tc1" time="12.812"/>
</testsuite> <!-- scripts.TestCase1 -->
