<?xml version="1.0" encoding="UTF-8"?>
<!-- Generated by org.testng.reporters.JUnitReportReporter -->
<testsuite hostname="DESKTOP-D7NI7PJ" failures="0" tests="1" name="scripts.TestCase2" time="11.728" errors="0" timestamp="2023-10-11T15:30:13 IST" skipped="0">
  <testcase classname="scripts.TestCase2" name="tc2" time="11.728"/>
</testsuite> <!-- scripts.TestCase2 -->
